<?xml version="1.0" encoding="UTF-8"?>
<!-- Generated by org.testng.reporters.JUnitReportReporter -->
<testsuite hostname="Dhanashree" failures="0" tests="1" name="com.api.testing.PostUserTest" time="3.409" errors="0" timestamp="2025-07-22T18:30:29 IST" skipped="0">
  <testcase classname="com.api.testing.PostUserTest" name="testCreateUser" time="3.409"/>
  <system-out/>
</testsuite> <!-- com.api.testing.PostUserTest -->
