<?xml version="1.0" encoding="UTF-8"?>
<!-- Generated by org.testng.reporters.JUnitReportReporter -->
<testsuite hostname="Dhanashree" failures="0" tests="2" name="com.api.testing.PostUserTest" time="5.343" errors="0" timestamp="2025-07-23T11:35:34 IST" skipped="0">
  <testcase classname="com.api.testing.PostUserTest" name="testCreateUser" time="4.580"/>
  <system-out/>
  <testcase classname="com.api.testing.PostUserTest" name="testCreateUser" time="0.763"/>
  <system-out/>
</testsuite> <!-- com.api.testing.PostUserTest -->
