<?xml version="1.0" encoding="UTF-8"?>
<!-- Generated by org.testng.reporters.JUnitReportReporter -->
<testsuite hostname="Dhanashree" failures="0" tests="1" name="com.api.testing.GetUsersTest" time="1.995" errors="0" timestamp="2025-07-19T16:19:38 IST" skipped="0">
  <testcase classname="com.api.testing.GetUsersTest" name="getUserList" time="1.995"/>
  <system-out/>
</testsuite> <!-- com.api.testing.GetUsersTest -->
