<?xml version="1.0" encoding="UTF-8"?>
<!-- Generated by org.testng.reporters.JUnitReportReporter -->
<testsuite hostname="Dhanashree" failures="0" tests="1" name="com.api.testing.SampleGetTest" time="1.971" errors="0" timestamp="2025-07-19T15:23:28 IST" skipped="0">
  <testcase classname="com.api.testing.SampleGetTest" name="getUserList" time="1.971"/>
  <system-out/>
</testsuite> <!-- com.api.testing.SampleGetTest -->
